<?xml version="1.0" encoding="UTF-8"?>
<!-- Generated by org.testng.reporters.JUnitReportReporter -->
<testsuite hostname="DESKTOP-CMMN98B" failures="0" tests="1" name="Session06.A1" time="9.101" errors="0" timestamp="2023-12-06T19:41:39 EST" skipped="0">
  <testcase classname="Session06.A1" name="test01" time="9.101"/>
  <system-out/>
</testsuite> <!-- Session06.A1 -->
