<?xml version="1.0" encoding="UTF-8"?>
<!-- Generated by org.testng.reporters.JUnitReportReporter -->
<testsuite hostname="DESKTOP-CMMN98B" failures="0" tests="1" name="Oauth.BasicAuth" time="10.379" errors="0" timestamp="2024-02-05T20:32:55 IST" skipped="0">
  <testcase classname="Oauth.BasicAuth" name="test01" time="10.379"/>
  <system-out/>
</testsuite> <!-- Oauth.BasicAuth -->
