<?xml version="1.0" encoding="UTF-8"?>
<!-- Generated by org.testng.reporters.JUnitReportReporter -->
<testsuite hostname="DESKTOP-CMMN98B" failures="0" tests="1" name="JSONSchema.A1" time="6.078" errors="0" timestamp="2024-02-07T16:12:59 IST" skipped="0">
  <testcase classname="JSONSchema.A1" name="test01" time="6.078"/>
  <system-out/>
</testsuite> <!-- JSONSchema.A1 -->
