<?xml version="1.0" encoding="UTF-8"?>
<!-- Generated by org.testng.reporters.JUnitReportReporter -->
<testsuite hostname="DESKTOP-CMMN98B" failures="0" tests="1" name="Session23.DemoTestComplexNestedJSONObject" time="0.947" errors="0" timestamp="2023-12-21T18:07:05 IST" skipped="0">
  <testcase classname="Session23.DemoTestComplexNestedJSONObject" name="test01" time="0.947"/>
  <system-out/>
</testsuite> <!-- Session23.DemoTestComplexNestedJSONObject -->
