<?xml version="1.0" encoding="UTF-8"?>
<!-- Generated by org.testng.reporters.JUnitReportReporter -->
<testsuite hostname="DESKTOP-CMMN98B" failures="0" tests="1" name="Oauth.WeatherAPI" time="6.662" errors="0" timestamp="2024-02-05T21:09:40 IST" skipped="0">
  <testcase classname="Oauth.WeatherAPI" name="test01" time="6.662"/>
  <system-out/>
</testsuite> <!-- Oauth.WeatherAPI -->
