<?xml version="1.0" encoding="UTF-8"?>
<!-- Generated by org.testng.reporters.JUnitReportReporter -->
<testsuite hostname="DESKTOP-CMMN98B" failures="0" tests="1" name="Session19.DeleteMethod" time="6.928" errors="0" timestamp="2023-12-18T18:32:38 IST" skipped="0">
  <testcase classname="Session19.DeleteMethod" name="test01" time="6.928"/>
  <system-out/>
</testsuite> <!-- Session19.DeleteMethod -->
