<?xml version="1.0" encoding="UTF-8"?>
<!-- Generated by org.testng.reporters.JUnitReportReporter -->
<testsuite hostname="DESKTOP-CMMN98B" failures="0" tests="1" name="Session14.ValidateXMLResponse" time="8.402" errors="0" timestamp="2023-12-17T11:31:08 EST" skipped="0">
  <testcase classname="Session14.ValidateXMLResponse" name="test01" time="8.402"/>
  <system-out/>
</testsuite> <!-- Session14.ValidateXMLResponse -->
