<?xml version="1.0" encoding="UTF-8"?>
<!-- Generated by org.testng.reporters.JUnitReportReporter -->
<testsuite hostname="DESKTOP-CMMN98B" failures="0" tests="2" name="CrudOperation.GetMethod" time="13.611" errors="0" timestamp="2024-02-04T17:26:41 IST" skipped="0">
  <testcase classname="CrudOperation.GetMethod" name="test01" time="13.243"/>
  <system-out/>
  <testcase classname="CrudOperation.GetMethod" name="test02" time="0.368"/>
  <system-out/>
</testsuite> <!-- CrudOperation.GetMethod -->
