<?xml version="1.0" encoding="UTF-8"?>
<!-- Generated by org.testng.reporters.JUnitReportReporter -->
<testsuite hostname="DESKTOP-CMMN98B" failures="0" tests="1" name="PracticeCrudOperation.PostMathod" time="8.053" errors="0" timestamp="2024-02-05T23:53:23 IST" skipped="0">
  <testcase classname="PracticeCrudOperation.PostMathod" name="test01" time="8.053"/>
  <system-out/>
</testsuite> <!-- PracticeCrudOperation.PostMathod -->
