<?xml version="1.0" encoding="UTF-8"?>
<!-- Generated by org.testng.reporters.JUnitReportReporter -->
<testsuite hostname="DESKTOP-CMMN98B" failures="0" tests="1" name="DifferentWaysPostData.HashMapWay" time="8.560" errors="0" timestamp="2024-02-04T18:08:19 IST" skipped="0">
  <testcase classname="DifferentWaysPostData.HashMapWay" name="test01" time="8.560"/>
  <system-out/>
</testsuite> <!-- DifferentWaysPostData.HashMapWay -->
