<?xml version="1.0" encoding="UTF-8"?>
<!-- Generated by org.testng.reporters.JUnitReportReporter -->
<testsuite hostname="DESKTOP-CMMN98B" failures="0" tests="1" name="Session04.A1" time="4.514" errors="0" timestamp="2023-12-05T09:52:01 EST" skipped="0">
  <testcase classname="Session04.A1" name="main" time="4.514"/>
  <system-out/>
</testsuite> <!-- Session04.A1 -->
