<?xml version="1.0" encoding="UTF-8"?>
<!-- Generated by org.testng.reporters.JUnitReportReporter -->
<testsuite hostname="DESKTOP-CMMN98B" failures="0" tests="1" name="XMLSchema.A1" time="3.820" errors="0" timestamp="2024-02-07T16:35:19 IST" skipped="0">
  <testcase classname="XMLSchema.A1" name="test01" time="3.820"/>
  <system-out/>
</testsuite> <!-- XMLSchema.A1 -->
