<?xml version="1.0" encoding="UTF-8"?>
<!-- Generated by org.testng.reporters.JUnitReportReporter -->
<testsuite hostname="DESKTOP-CMMN98B" failures="0" tests="1" name="Session24.DemoJsonInclude" time="1.213" errors="0" timestamp="2023-12-22T00:01:35 IST" skipped="0">
  <testcase classname="Session24.DemoJsonInclude" name="testMethod1" time="1.213"/>
  <system-out/>
</testsuite> <!-- Session24.DemoJsonInclude -->
