<?xml version="1.0" encoding="UTF-8"?>
<!-- Generated by org.testng.reporters.JUnitReportReporter -->
<testsuite hostname="DESKTOP-CMMN98B" failures="0" tests="1" name="RequestChaining.Demo$GetMethod" time="5.732" errors="0" timestamp="2024-02-05T15:51:35 IST" skipped="0">
  <testcase classname="RequestChaining.Demo$GetMethod" name="test02" time="5.732"/>
  <system-out/>
</testsuite> <!-- RequestChaining.Demo$GetMethod -->
