<?xml version="1.0" encoding="UTF-8"?>
<!-- Generated by org.testng.reporters.JUnitReportReporter -->
<testsuite hostname="DESKTOP-CMMN98B" failures="0" tests="1" name="DifferentWaysPostData.JSONWAys" time="9.542" errors="0" timestamp="2024-02-04T21:07:55 IST" skipped="0">
  <testcase classname="DifferentWaysPostData.JSONWAys" name="test01" time="9.542"/>
  <system-out/>
</testsuite> <!-- DifferentWaysPostData.JSONWAys -->
