<?xml version="1.0" encoding="UTF-8"?>
<!-- Generated by org.testng.reporters.JUnitReportReporter -->
<testsuite hostname="DESKTOP-CMMN98B" failures="0" tests="1" name="Authorization.BareaToken" time="7.364" errors="0" timestamp="2024-02-09T08:40:27 IST" skipped="0">
  <testcase classname="Authorization.BareaToken" name="test01" time="7.364"/>
  <system-out/>
</testsuite> <!-- Authorization.BareaToken -->
