<?xml version="1.0" encoding="UTF-8"?>
<!-- Generated by org.testng.reporters.JUnitReportReporter -->
<testsuite hostname="DESKTOP-CMMN98B" failures="0" tests="3" name="Session04.CheckValidation" time="8.063" errors="0" timestamp="2023-12-07T01:34:16 EST" skipped="0">
  <testcase classname="Session04.CheckValidation" name="test01" time="7.607"/>
  <system-out/>
  <testcase classname="Session04.CheckValidation" name="test02" time="0.422"/>
  <system-out/>
  <testcase classname="Session04.CheckValidation" name="test03" time="0.034"/>
  <system-out/>
</testsuite> <!-- Session04.CheckValidation -->
