<?xml version="1.0" encoding="UTF-8"?>
<!-- Generated by org.testng.reporters.JUnitReportReporter -->
<testsuite hostname="DESKTOP-CMMN98B" failures="0" tests="1" name="ValidateApproch.SecondApproch" time="9.442" errors="0" timestamp="2024-02-04T23:50:05 IST" skipped="0">
  <testcase classname="ValidateApproch.SecondApproch" name="test01" time="9.442"/>
  <system-out/>
</testsuite> <!-- ValidateApproch.SecondApproch -->
