<?xml version="1.0" encoding="UTF-8"?>
<!-- Generated by org.testng.reporters.JUnitReportReporter -->
<testsuite hostname="DESKTOP-CMMN98B" failures="0" tests="1" name="Authorization.Preemtive" time="6.967" errors="0" timestamp="2024-02-09T08:15:10 IST" skipped="0">
  <testcase classname="Authorization.Preemtive" name="test01" time="6.967"/>
  <system-out/>
</testsuite> <!-- Authorization.Preemtive -->
