<?xml version="1.0" encoding="UTF-8"?>
<!-- Generated by org.testng.reporters.JUnitReportReporter -->
<testsuite hostname="DESKTOP-CMMN98B" failures="0" tests="1" name="Authorization.Outh2_0" time="7.484" errors="0" timestamp="2024-02-09T08:44:46 IST" skipped="0">
  <testcase classname="Authorization.Outh2_0" name="test01" time="7.484"/>
  <system-out/>
</testsuite> <!-- Authorization.Outh2_0 -->
