<?xml version="1.0" encoding="UTF-8"?>
<!-- Generated by org.testng.reporters.JUnitReportReporter -->
<testsuite hostname="DESKTOP-CMMN98B" failures="0" tests="1" name="Session19.PatchMethod" time="7.941" errors="0" timestamp="2023-12-18T18:26:32 IST" skipped="0">
  <testcase classname="Session19.PatchMethod" name="test01" time="7.941"/>
  <system-out/>
</testsuite> <!-- Session19.PatchMethod -->
