<?xml version="1.0" encoding="UTF-8"?>
<!-- Generated by org.testng.reporters.JUnitReportReporter -->
<testsuite hostname="DESKTOP-CMMN98B" failures="0" tests="1" name="RequestChaining.PutMethod" time="1.675" errors="0" timestamp="2024-02-05T20:11:18 IST" skipped="0">
  <testcase classname="RequestChaining.PutMethod" name="test03" time="1.675"/>
  <system-out/>
</testsuite> <!-- RequestChaining.PutMethod -->
