<?xml version="1.0" encoding="UTF-8"?>
<!-- Generated by org.testng.reporters.JUnitReportReporter -->
<testsuite hostname="DESKTOP-CMMN98B" failures="0" tests="1" name="Authorization.WeatherAPI" time="4.301" errors="0" timestamp="2024-02-09T09:30:04 IST" skipped="0">
  <testcase classname="Authorization.WeatherAPI" name="test01" time="4.301"/>
  <system-out/>
</testsuite> <!-- Authorization.WeatherAPI -->
