<?xml version="1.0" encoding="UTF-8"?>
<!-- Generated by org.testng.reporters.JUnitReportReporter -->
<testsuite hostname="DESKTOP-CMMN98B" failures="0" tests="1" name="Practice.Revise" time="8.513" errors="0" timestamp="2023-12-29T00:37:17 IST" skipped="0">
  <testcase classname="Practice.Revise" name="test01" time="8.513"/>
  <system-out/>
</testsuite> <!-- Practice.Revise -->
