<?xml version="1.0" encoding="UTF-8"?>
<!-- Generated by org.testng.reporters.JUnitReportReporter -->
<testsuite hostname="DESKTOP-CMMN98B" failures="0" tests="3" name="Session06.ValidateJsonResponseBody" time="10.126" errors="0" timestamp="2023-12-06T12:43:09 EST" skipped="0">
  <testcase classname="Session06.ValidateJsonResponseBody" name="test01" time="9.586"/>
  <system-out/>
  <testcase classname="Session06.ValidateJsonResponseBody" name="test02" time="0.302"/>
  <system-out/>
  <testcase classname="Session06.ValidateJsonResponseBody" name="test03" time="0.238"/>
  <system-out/>
</testsuite> <!-- Session06.ValidateJsonResponseBody -->
