<?xml version="1.0" encoding="UTF-8"?>
<!-- Generated by org.testng.reporters.JUnitReportReporter -->
<testsuite hostname="DESKTOP-CMMN98B" failures="0" tests="1" name="Oauth.BareaToken" time="8.213" errors="0" timestamp="2024-02-05T20:46:45 IST" skipped="0">
  <testcase classname="Oauth.BareaToken" name="test01" time="8.213"/>
  <system-out/>
</testsuite> <!-- Oauth.BareaToken -->
