<?xml version="1.0" encoding="UTF-8"?>
<!-- Generated by org.testng.reporters.JUnitReportReporter -->
<testsuite hostname="DESKTOP-CMMN98B" failures="0" tests="2" name="Session09.AuthorizationDemo" time="7.409" errors="0" timestamp="2023-12-01T04:30:55 EST" skipped="0">
  <testcase classname="Session09.AuthorizationDemo" name="test02" time="0.587"/>
  <system-out/>
  <testcase classname="Session09.AuthorizationDemo" name="test01" time="6.822"/>
  <system-out/>
</testsuite> <!-- Session09.AuthorizationDemo -->
