<?xml version="1.0" encoding="UTF-8"?>
<!-- Generated by org.testng.reporters.JUnitReportReporter -->
<testsuite hostname="DESKTOP-CMMN98B" failures="0" tests="1" name="Session22.DemoNestedJSONPayload" time="0.700" errors="0" timestamp="2023-12-21T16:42:20 IST" skipped="0">
  <testcase classname="Session22.DemoNestedJSONPayload" name="test01" time="0.700"/>
  <system-out/>
</testsuite> <!-- Session22.DemoNestedJSONPayload -->
