<?xml version="1.0" encoding="UTF-8"?>
<!-- Generated by org.testng.reporters.JUnitReportReporter -->
<testsuite hostname="DESKTOP-CMMN98B" failures="0" tests="1" name="PracticeCrudOperation.PracticeMathod" time="4.316" errors="0" timestamp="2024-02-06T19:14:51 IST" skipped="0">
  <testcase classname="PracticeCrudOperation.PracticeMathod" name="test01" time="4.316"/>
  <system-out/>
</testsuite> <!-- PracticeCrudOperation.PracticeMathod -->
