<?xml version="1.0" encoding="UTF-8"?>
<!-- Generated by org.testng.reporters.JUnitReportReporter -->
<testsuite hostname="DESKTOP-CMMN98B" failures="0" tests="2" name="Session11.AuthorizationDemoOauth" time="11.545" errors="0" timestamp="2023-12-02T07:10:19 EST" skipped="0">
  <testcase classname="Session11.AuthorizationDemoOauth" name="ListInvoice" time="1.076"/>
  <system-out/>
  <testcase classname="Session11.AuthorizationDemoOauth" name="GetAccessToken" time="10.469"/>
  <system-out/>
</testsuite> <!-- Session11.AuthorizationDemoOauth -->
