<?xml version="1.0" encoding="UTF-8"?>
<!-- Generated by org.testng.reporters.JUnitReportReporter -->
<testsuite hostname="DESKTOP-CMMN98B" failures="0" tests="1" name="Header.HeadersCheck" time="4.923" errors="0" timestamp="2024-02-04T22:50:50 IST" skipped="0">
  <testcase classname="Header.HeadersCheck" name="test01" time="4.923"/>
  <system-out/>
</testsuite> <!-- Header.HeadersCheck -->
