<?xml version="1.0" encoding="UTF-8"?>
<!-- Generated by org.testng.reporters.JUnitReportReporter -->
<testsuite hostname="DESKTOP-CMMN98B" failures="0" tests="1" name="ValidateApproch.FirstApproch" time="12.068" errors="0" timestamp="2024-02-04T23:48:42 IST" skipped="0">
  <testcase classname="ValidateApproch.FirstApproch" name="test01" time="12.068"/>
  <system-out/>
</testsuite> <!-- ValidateApproch.FirstApproch -->
