<?xml version="1.0" encoding="UTF-8"?>
<!-- Generated by org.testng.reporters.JUnitReportReporter -->
<testsuite hostname="DESKTOP-CMMN98B" failures="0" tests="2" name="Session03.PostMethod" time="5.458" errors="0" timestamp="2023-12-18T12:55:47 IST" skipped="1">
  <testcase classname="Session03.PostMethod" name="testcode01" time="5.458"/>
  <system-out/>
  <testcase classname="Session03.PostMethod" name="test01">
    <skipped/>
  </testcase> <!-- test01 -->
  <system-out/>
</testsuite> <!-- Session03.PostMethod -->
