<?xml version="1.0" encoding="UTF-8"?>
<!-- Generated by org.testng.reporters.JUnitReportReporter -->
<testsuite hostname="DESKTOP-CMMN98B" failures="0" tests="2" name="Session15.JsonObjecUsingJavaMapDemo" time="5.575" errors="0" timestamp="2023-12-18T12:27:49 IST" skipped="1">
  <testcase classname="Session15.JsonObjecUsingJavaMapDemo" name="test02" time="5.575"/>
  <system-out/>
  <testcase classname="Session15.JsonObjecUsingJavaMapDemo" name="test01">
    <skipped/>
  </testcase> <!-- test01 -->
  <system-out/>
</testsuite> <!-- Session15.JsonObjecUsingJavaMapDemo -->
