<?xml version="1.0" encoding="UTF-8"?>
<!-- Generated by org.testng.reporters.JUnitReportReporter -->
<testsuite hostname="DESKTOP-CMMN98B" failures="0" tests="1" name="Session03.A1" time="4.687" errors="0" timestamp="2023-12-03T07:05:21 EST" skipped="0">
  <testcase classname="Session03.A1" name="test01" time="4.687"/>
  <system-out/>
</testsuite> <!-- Session03.A1 -->
