<?xml version="1.0" encoding="UTF-8"?>
<!-- Generated by org.testng.reporters.JUnitReportReporter -->
<testsuite hostname="DESKTOP-CMMN98B" failures="0" tests="1" name="Session19.PostMethod" time="9.248" errors="0" timestamp="2023-12-18T18:28:04 IST" skipped="0">
  <testcase classname="Session19.PostMethod" name="post" time="9.248"/>
  <system-out/>
</testsuite> <!-- Session19.PostMethod -->
