<?xml version="1.0" encoding="UTF-8"?>
<!-- Generated by org.testng.reporters.JUnitReportReporter -->
<testsuite hostname="DESKTOP-CMMN98B" failures="0" tests="1" name="PracticeBean.Employee" time="1.215" errors="0" timestamp="2023-12-30T18:06:42 IST" skipped="0">
  <testcase classname="PracticeBean.Employee" name="test01" time="1.215"/>
  <system-out/>
</testsuite> <!-- PracticeBean.Employee -->
