<?xml version="1.0" encoding="UTF-8"?>
<!-- Generated by org.testng.reporters.JUnitReportReporter -->
<testsuite hostname="DESKTOP-CMMN98B" failures="0" tests="2" name="Session03.DeleteMethod" time="4.873" errors="0" timestamp="2023-11-28T00:06:43 EST" skipped="0">
  <testcase classname="Session03.DeleteMethod" name="testcode01" time="0.601"/>
  <system-out/>
  <testcase classname="Session03.DeleteMethod" name="test01" time="4.272"/>
  <system-out/>
</testsuite> <!-- Session03.DeleteMethod -->
