<?xml version="1.0" encoding="UTF-8"?>
<!-- Generated by org.testng.reporters.JUnitReportReporter -->
<testsuite hostname="DESKTOP-CMMN98B" failures="0" tests="1" name="RequestChaining.PostMethod" time="7.452" errors="0" timestamp="2024-02-05T20:11:18 IST" skipped="0">
  <testcase classname="RequestChaining.PostMethod" name="test01" time="7.452"/>
  <system-out/>
</testsuite> <!-- RequestChaining.PostMethod -->
