<?xml version="1.0" encoding="UTF-8"?>
<!-- Generated by org.testng.reporters.JUnitReportReporter -->
<testsuite hostname="DESKTOP-CMMN98B" failures="0" tests="2" name="Session08.Authorization" time="5.018" errors="0" timestamp="2023-11-30T23:36:10 EST" skipped="0">
  <testcase classname="Session08.Authorization" name="BasicAuth" time="4.264"/>
  <system-out/>
  <testcase classname="Session08.Authorization" name="DigestAuth" time="0.754"/>
  <system-out/>
</testsuite> <!-- Session08.Authorization -->
