<?xml version="1.0" encoding="UTF-8"?>
<!-- Generated by org.testng.reporters.JUnitReportReporter -->
<testsuite hostname="DESKTOP-CMMN98B" failures="0" tests="1" name="FileUpload.Upload" time="9.679" errors="0" timestamp="2024-02-06T21:15:11 IST" skipped="0">
  <testcase classname="FileUpload.Upload" name="test01" time="9.679"/>
  <system-out/>
</testsuite> <!-- FileUpload.Upload -->
