<?xml version="1.0" encoding="UTF-8"?>
<!-- Generated by org.testng.reporters.JUnitReportReporter -->
<testsuite hostname="DESKTOP-CMMN98B" failures="0" tests="1" name="Practice.Revise" time="8.597" errors="0" timestamp="2023-12-18T13:58:06 IST" skipped="0">
  <testcase classname="Practice.Revise" name="test01" time="8.597"/>
  <system-out/>
</testsuite> <!-- Practice.Revise -->
