<?xml version="1.0" encoding="UTF-8"?>
<!-- Generated by org.testng.reporters.JUnitReportReporter -->
<testsuite hostname="DESKTOP-CMMN98B" failures="0" tests="1" name="ForLoop.XMParsingBody" time="8.464" errors="0" timestamp="2024-02-05T08:15:00 IST" skipped="0">
  <testcase classname="ForLoop.XMParsingBody" name="test01" time="8.464"/>
  <system-out/>
</testsuite> <!-- ForLoop.XMParsingBody -->
