<?xml version="1.0" encoding="UTF-8"?>
<!-- Generated by org.testng.reporters.JUnitReportReporter -->
<testsuite hostname="DESKTOP-CMMN98B" failures="0" tests="1" name="Session21.JSONArrayPojoClassDemo" time="1.686" errors="0" timestamp="2023-12-21T11:57:03 IST" skipped="0">
  <testcase classname="Session21.JSONArrayPojoClassDemo" name="test01" time="1.686"/>
  <system-out/>
</testsuite> <!-- Session21.JSONArrayPojoClassDemo -->
