<?xml version="1.0" encoding="UTF-8"?>
<!-- Generated by org.testng.reporters.JUnitReportReporter -->
<testsuite hostname="DESKTOP-CMMN98B" failures="0" tests="1" name="DynamicVariable.RandomVariable" time="5.834" errors="0" timestamp="2024-02-08T23:37:48 IST" skipped="0">
  <testcase classname="DynamicVariable.RandomVariable" name="test01" time="5.834"/>
  <system-out/>
</testsuite> <!-- DynamicVariable.RandomVariable -->
