<?xml version="1.0" encoding="UTF-8"?>
<!-- Generated by org.testng.reporters.JUnitReportReporter -->
<testsuite hostname="DESKTOP-CMMN98B" failures="0" tests="1" name="Session07.QueryParameterDemo" time="7.320" errors="0" timestamp="2023-12-06T21:46:45 EST" skipped="0">
  <testcase classname="Session07.QueryParameterDemo" name="test01" time="7.320"/>
  <system-out/>
</testsuite> <!-- Session07.QueryParameterDemo -->
