<?xml version="1.0" encoding="UTF-8"?>
<!-- Generated by org.testng.reporters.JUnitReportReporter -->
<testsuite hostname="DESKTOP-CMMN98B" failures="0" tests="1" name="ForLoop.ParsingResponseBody" time="16.345" errors="0" timestamp="2024-02-05T07:59:13 IST" skipped="0">
  <testcase classname="ForLoop.ParsingResponseBody" name="test01" time="16.345"/>
  <system-out/>
</testsuite> <!-- ForLoop.ParsingResponseBody -->
