<?xml version="1.0" encoding="UTF-8"?>
<!-- Generated by org.testng.reporters.JUnitReportReporter -->
<testsuite hostname="DESKTOP-CMMN98B" failures="0" tests="1" name="Session19.PutMethod" time="8.418" errors="0" timestamp="2023-12-18T18:22:44 IST" skipped="0">
  <testcase classname="Session19.PutMethod" name="test01" time="8.418"/>
  <system-out/>
</testsuite> <!-- Session19.PutMethod -->
