<?xml version="1.0" encoding="UTF-8"?>
<!-- Generated by org.testng.reporters.JUnitReportReporter -->
<testsuite hostname="DESKTOP-CMMN98B" failures="0" tests="1" name="Session16.JSONArrayDemo" time="6.064" errors="0" timestamp="2023-12-18T12:54:44 IST" skipped="0">
  <testcase classname="Session16.JSONArrayDemo" name="test01" time="6.064"/>
  <system-out/>
</testsuite> <!-- Session16.JSONArrayDemo -->
