<?xml version="1.0" encoding="UTF-8"?>
<!-- Generated by org.testng.reporters.JUnitReportReporter -->
<testsuite hostname="DESKTOP-CMMN98B" failures="0" tests="1" name="Session17.A" time="0.676" errors="0" timestamp="2023-12-18T19:42:49 IST" skipped="0">
  <testcase classname="Session17.A" name="test01" time="0.676"/>
  <system-out/>
</testsuite> <!-- Session17.A -->
