<?xml version="1.0" encoding="UTF-8"?>
<!-- Generated by org.testng.reporters.JUnitReportReporter -->
<testsuite hostname="DESKTOP-CMMN98B" failures="0" tests="1" name="Session10.AuthorizationDemo" time="4.083" errors="0" timestamp="2023-12-01T05:00:11 EST" skipped="0">
  <testcase classname="Session10.AuthorizationDemo" name="test01" time="4.083"/>
  <system-out/>
</testsuite> <!-- Session10.AuthorizationDemo -->
