<?xml version="1.0" encoding="UTF-8"?>
<!-- Generated by org.testng.reporters.JUnitReportReporter -->
<testsuite hostname="DESKTOP-CMMN98B" failures="0" tests="1" name="HandleCookies.A1" time="4.247" errors="0" timestamp="2024-02-04T22:44:41 IST" skipped="0">
  <testcase classname="HandleCookies.A1" name="test01" time="4.247"/>
  <system-out/>
</testsuite> <!-- HandleCookies.A1 -->
