<?xml version="1.0" encoding="UTF-8"?>
<!-- Generated by org.testng.reporters.JUnitReportReporter -->
<testsuite hostname="DESKTOP-CMMN98B" failures="0" tests="1" name="ForLoop.A1" time="7.096" errors="0" timestamp="2024-02-05T07:52:04 IST" skipped="0">
  <testcase classname="ForLoop.A1" name="test01" time="7.096"/>
  <system-out/>
</testsuite> <!-- ForLoop.A1 -->
