<?xml version="1.0" encoding="UTF-8"?>
<!-- Generated by org.testng.reporters.JUnitReportReporter -->
<testsuite hostname="DESKTOP-CMMN98B" failures="0" tests="1" name="Authorization.BareaToken" time="6.186" errors="0" timestamp="2024-02-05T21:35:59 IST" skipped="0">
  <testcase classname="Authorization.BareaToken" name="test01" time="6.186"/>
  <system-out/>
</testsuite> <!-- Authorization.BareaToken -->
