<?xml version="1.0" encoding="UTF-8"?>
<!-- Generated by org.testng.reporters.JUnitReportReporter -->
<testsuite hostname="DESKTOP-CMMN98B" failures="0" tests="1" name="Session05.ValidateResponseHeader" time="2.951" errors="0" timestamp="2023-11-30T01:10:51 EST" skipped="0">
  <testcase classname="Session05.ValidateResponseHeader" name="test01" time="2.951"/>
  <system-out/>
</testsuite> <!-- Session05.ValidateResponseHeader -->
