<?xml version="1.0" encoding="UTF-8"?>
<!-- Generated by org.testng.reporters.JUnitReportReporter -->
<testsuite hostname="DESKTOP-CMMN98B" failures="0" tests="1" name="Session19.Get" time="6.438" errors="0" timestamp="2023-12-18T18:35:01 IST" skipped="0">
  <testcase classname="Session19.Get" name="main" time="6.438"/>
  <system-out/>
</testsuite> <!-- Session19.Get -->
