<?xml version="1.0" encoding="UTF-8"?>
<!-- Generated by org.testng.reporters.JUnitReportReporter -->
<testsuite hostname="DESKTOP-CMMN98B" failures="0" tests="1" name="Session19.CreateOwnAPI" time="9.829" errors="0" timestamp="2023-12-18T17:47:27 IST" skipped="0">
  <testcase classname="Session19.CreateOwnAPI" name="main" time="9.829"/>
  <system-out/>
</testsuite> <!-- Session19.CreateOwnAPI -->
