<?xml version="1.0" encoding="UTF-8"?>
<!-- Generated by org.testng.reporters.JUnitReportReporter -->
<testsuite hostname="DESKTOP-CMMN98B" failures="0" tests="1" name="Session17.JSONObjectUsingJacksonAPI" time="10.977" errors="0" timestamp="2023-12-19T00:00:12 IST" skipped="0">
  <testcase classname="Session17.JSONObjectUsingJacksonAPI" name="test01" time="10.977"/>
  <system-out/>
</testsuite> <!-- Session17.JSONObjectUsingJacksonAPI -->
