<?xml version="1.0" encoding="UTF-8"?>
<!-- Generated by org.testng.reporters.JUnitReportReporter -->
<testsuite hostname="DESKTOP-CMMN98B" failures="0" tests="1" name="Oauth.DigestOauth" time="8.026" errors="0" timestamp="2024-02-05T20:34:30 IST" skipped="0">
  <testcase classname="Oauth.DigestOauth" name="test01" time="8.026"/>
  <system-out/>
</testsuite> <!-- Oauth.DigestOauth -->
