<?xml version="1.0" encoding="UTF-8"?>
<!-- Generated by org.testng.reporters.JUnitReportReporter -->
<testsuite hostname="DESKTOP-CMMN98B" failures="0" tests="1" name="Practice.A" time="7.879" errors="0" timestamp="2023-12-18T13:59:20 IST" skipped="0">
  <testcase classname="Practice.A" name="test01" time="7.879"/>
  <system-out/>
</testsuite> <!-- Practice.A -->
