<?xml version="1.0" encoding="UTF-8"?>
<!-- Generated by org.testng.reporters.JUnitReportReporter -->
<testsuite hostname="DESKTOP-CMMN98B" failures="0" tests="1" name="Session13.QueryRequestSpecification" time="4.740" errors="0" timestamp="2023-12-07T02:10:29 EST" skipped="0">
  <testcase classname="Session13.QueryRequestSpecification" name="test01" time="4.740"/>
  <system-out/>
</testsuite> <!-- Session13.QueryRequestSpecification -->
