<?xml version="1.0" encoding="UTF-8"?>
<!-- Generated by org.testng.reporters.JUnitReportReporter -->
<testsuite hostname="DESKTOP-CMMN98B" failures="0" tests="1" name="CrudOperation.PostMethod" time="7.954" errors="0" timestamp="2024-02-04T18:06:48 IST" skipped="0">
  <testcase classname="CrudOperation.PostMethod" name="test01" time="7.954"/>
  <system-out/>
</testsuite> <!-- CrudOperation.PostMethod -->
